{"numFailedTestSuites":0,"numFailedTests":0,"numPassedTestSuites":51,"numPassedTests":355,"numPendingTestSuites":0,"numPendingTests":1,"numRuntimeErrorTestSuites":0,"numTodoTests":0,"numTotalTestSuites":51,"numTotalTests":356,"openHandles":[],"snapshot":{"added":0,"didUpdate":false,"failure":false,"filesAdded":0,"filesRemoved":0,"filesRemovedList":[],"filesUnmatched":0,"filesUpdated":0,"matched":24,"total":24,"unchecked":0,"uncheckedKeysByFile":[],"unmatched":0,"updated":0},"startTime":1634626121516,"success":true,"testResults":[{"assertionResults":[{"ancestorTitles":["OcRadio"],"failureMessages":[],"fullName":"OcRadio should set provided id to the radio input","location":null,"status":"passed","title":"should set provided id to the radio input"},{"ancestorTitles":["OcRadio","size prop"],"failureMessages":[],"fullName":"OcRadio size prop should not allow values other than small, medium and large","location":null,"status":"passed","title":"should not allow values other than small, medium and large"},{"ancestorTitles":["OcRadio","size prop"],"failureMessages":[],"fullName":"OcRadio size prop should set input class according to the provided size","location":null,"status":"passed","title":"should set input class according to the provided size"},{"ancestorTitles":["OcRadio","size prop"],"failureMessages":[],"fullName":"OcRadio size prop should set input class according to the provided size","location":null,"status":"passed","title":"should set input class according to the provided size"},{"ancestorTitles":["OcRadio","size prop"],"failureMessages":[],"fullName":"OcRadio size prop should set input class according to the provided size","location":null,"status":"passed","title":"should set input class according to the provided size"},{"ancestorTitles":["OcRadio","label"],"failureMessages":[],"fullName":"OcRadio label should render the provided label for the input","location":null,"status":"passed","title":"should render the provided label for the input"},{"ancestorTitles":["OcRadio","label","hideLabel prop with label"],"failureMessages":[],"fullName":"OcRadio label hideLabel prop with label should have invisible label class if enabled","location":null,"status":"passed","title":"should have invisible label class if enabled"},{"ancestorTitles":["OcRadio","label","hideLabel prop with label"],"failureMessages":[],"fullName":"OcRadio label hideLabel prop with label should not have invisible label class if disabled","location":null,"status":"passed","title":"should not have invisible label class if disabled"},{"ancestorTitles":["OcRadio","label","disabled prop with label"],"failureMessages":[],"fullName":"OcRadio label disabled prop with label should not have cursor pointer label class, if disabled","location":null,"status":"passed","title":"should not have cursor pointer label class, if disabled"},{"ancestorTitles":["OcRadio","label","disabled prop with label"],"failureMessages":[],"fullName":"OcRadio label disabled prop with label should have cursor pointer label class, if not disabled","location":null,"status":"passed","title":"should have cursor pointer label class, if not disabled"},{"ancestorTitles":["OcRadio","radio input"],"failureMessages":[],"fullName":"OcRadio radio input should emit input event if checked","location":null,"status":"passed","title":"should emit input event if checked"},{"ancestorTitles":["OcRadio","radio input"],"failureMessages":[],"fullName":"OcRadio radio input should not emit input event if disabled","location":null,"status":"passed","title":"should not emit input event if disabled"},{"ancestorTitles":["OcRadio","input options"],"failureMessages":[],"fullName":"OcRadio input options should set the provide option as input value","location":null,"status":"passed","title":"should set the provide option as input value"},{"ancestorTitles":["OcRadio","input options"],"failureMessages":[],"fullName":"OcRadio input options should set aria-checked if option equals selected value","location":null,"status":"passed","title":"should set aria-checked if option equals selected value"}],"endTime":1634626126675,"message":"","name":"/Users/stevefrenzel/Documents/GitHub/owncloud-design-system/src/components/atoms/OcRadio/OcRadio.spec.js","startTime":1634626123132,"status":"passed","summary":""},{"assertionResults":[{"ancestorTitles":["OcButton"],"failureMessages":[],"fullName":"OcButton should display slot html","location":null,"status":"passed","title":"should display slot html"},{"ancestorTitles":["OcButton"],"failureMessages":[],"fullName":"OcButton can stop class propagation","location":null,"status":"passed","title":"can stop class propagation"},{"ancestorTitles":["OcButton","click event"],"failureMessages":[],"fullName":"OcButton click event should emit click event when click is triggered","location":null,"status":"passed","title":"should emit click event when click is triggered"},{"ancestorTitles":["OcButton","click event"],"failureMessages":[],"fullName":"OcButton click event should not emit click event when type is a","location":null,"status":"passed","title":"should not emit click event when type is a"},{"ancestorTitles":["OcButton","click event"],"failureMessages":[],"fullName":"OcButton click event should not emit click event when type is router-link","location":null,"status":"passed","title":"should not emit click event when type is router-link"},{"ancestorTitles":["OcButton","when oc button is disabled"],"failureMessages":[],"fullName":"OcButton when oc button is disabled should have disabled attribute set to disabled","location":null,"status":"passed","title":"should have disabled attribute set to disabled"},{"ancestorTitles":["OcButton","when oc button is disabled"],"failureMessages":[],"fullName":"OcButton when oc button is disabled should not emit click event","location":null,"status":"passed","title":"should not emit click event"},{"ancestorTitles":["OcButton","different types of button"],"failureMessages":[],"fullName":"OcButton different types of button can behave as a a","location":null,"status":"passed","title":"can behave as a a"},{"ancestorTitles":["OcButton","different types of button"],"failureMessages":[],"fullName":"OcButton different types of button can behave as a button","location":null,"status":"passed","title":"can behave as a button"},{"ancestorTitles":["OcButton","different types of button"],"failureMessages":[],"fullName":"OcButton different types of button can behave as a router-link","location":null,"status":"passed","title":"can behave as a router-link"},{"ancestorTitles":["OcButton","different sizes of button"],"failureMessages":[],"fullName":"OcButton different sizes of button when size prop is set as small class oc-button-s should be assigned","location":null,"status":"passed","title":"when size prop is set as small class oc-button-s should be assigned"},{"ancestorTitles":["OcButton","different sizes of button"],"failureMessages":[],"fullName":"OcButton different sizes of button when size prop is set as medium class oc-button-m should be assigned","location":null,"status":"passed","title":"when size prop is set as medium class oc-button-m should be assigned"},{"ancestorTitles":["OcButton","different sizes of button"],"failureMessages":[],"fullName":"OcButton different sizes of button when size prop is set as large class oc-button-l should be assigned","location":null,"status":"passed","title":"when size prop is set as large class oc-button-l should be assigned"},{"ancestorTitles":["OcButton","different sizes of button"],"failureMessages":[],"fullName":"OcButton different sizes of button when size prop is set as x-small class oc-button-undefined should be assigned","location":null,"status":"passed","title":"when size prop is set as x-small class oc-button-undefined should be assigned"},{"ancestorTitles":["OcButton","default prop values"],"failureMessages":[],"fullName":"OcButton default prop values should have attribute \"size\" as \"oc-button-m\"","location":null,"status":"passed","title":"should have attribute \"size\" as \"oc-button-m\""},{"ancestorTitles":["OcButton","default prop values"],"failureMessages":[],"fullName":"OcButton default prop values should have attribute \"variation\" as \"oc-button-passive\"","location":null,"status":"passed","title":"should have attribute \"variation\" as \"oc-button-passive\""},{"ancestorTitles":["OcButton","default prop values"],"failureMessages":[],"fullName":"OcButton default prop values should have attribute \"justify content\" as \"oc-button-justify-content-center\"","location":null,"status":"passed","title":"should have attribute \"justify content\" as \"oc-button-justify-content-center\""},{"ancestorTitles":["OcButton","default prop values"],"failureMessages":[],"fullName":"OcButton default prop values should have attribute \"gap size\" as \"oc-button-gap-m\"","location":null,"status":"passed","title":"should have attribute \"gap size\" as \"oc-button-gap-m\""},{"ancestorTitles":["OcButton","default prop values"],"failureMessages":[],"fullName":"OcButton default prop values should have attribute \"appearance\" as \"oc-button-passive-outline\"","location":null,"status":"passed","title":"should have attribute \"appearance\" as \"oc-button-passive-outline\""},{"ancestorTitles":["OcButton","invalid prop value"],"failureMessages":[],"fullName":"OcButton invalid prop value when prop \"appearance\" is set to an invalid value\"","location":null,"status":"passed","title":"when prop \"appearance\" is set to an invalid value\""},{"ancestorTitles":["OcButton","invalid prop value"],"failureMessages":[],"fullName":"OcButton invalid prop value when prop \"size\" is set to an invalid value\"","location":null,"status":"passed","title":"when prop \"size\" is set to an invalid value\""},{"ancestorTitles":["OcButton","invalid prop value"],"failureMessages":[],"fullName":"OcButton invalid prop value when prop \"submit\" is set to an invalid value\"","location":null,"status":"passed","title":"when prop \"submit\" is set to an invalid value\""},{"ancestorTitles":["OcButton","invalid prop value"],"failureMessages":[],"fullName":"OcButton invalid prop value when prop \"justifyContent\" is set to an invalid value\"","location":null,"status":"passed","title":"when prop \"justifyContent\" is set to an invalid value\""},{"ancestorTitles":["OcButton","invalid prop value"],"failureMessages":[],"fullName":"OcButton invalid prop value when prop \"variation\" is set to an invalid value\"","location":null,"status":"passed","title":"when prop \"variation\" is set to an invalid value\""},{"ancestorTitles":["OcButton","invalid prop value"],"failureMessages":[],"fullName":"OcButton invalid prop value when prop \"gapSize\" is set to an invalid value\"","location":null,"status":"passed","title":"when prop \"gapSize\" is set to an invalid value\""},{"ancestorTitles":["OcButton","invalid prop value"],"failureMessages":[],"fullName":"OcButton invalid prop value when invalid value is set for prop \"type\"","location":null,"status":"passed","title":"when invalid value is set for prop \"type\""},{"ancestorTitles":["OcButton","oc button appearance","when appearance is \"filled\""],"failureMessages":[],"fullName":"OcButton oc button appearance when appearance is \"filled\" should not have extra appearance class","location":null,"status":"passed","title":"should not have extra appearance class"},{"ancestorTitles":["OcButton","oc button appearance","when oc button is initialized with variation and appearance"],"failureMessages":[],"fullName":"OcButton oc button appearance when oc button is initialized with variation and appearance it should have extra appearance class","location":null,"status":"passed","title":"it should have extra appearance class"},{"ancestorTitles":["OcButton","oc button appearance","when oc button is initialized with variation and appearance"],"failureMessages":[],"fullName":"OcButton oc button appearance when oc button is initialized with variation and appearance it should have extra appearance class","location":null,"status":"passed","title":"it should have extra appearance class"},{"ancestorTitles":["OcButton","oc button appearance","when oc button is initialized with variation and appearance"],"failureMessages":[],"fullName":"OcButton oc button appearance when oc button is initialized with variation and appearance it should have extra appearance class","location":null,"status":"passed","title":"it should have extra appearance class"},{"ancestorTitles":["OcButton","oc button appearance","when oc button is initialized with variation and appearance"],"failureMessages":[],"fullName":"OcButton oc button appearance when oc button is initialized with variation and appearance it should have extra appearance class","location":null,"status":"passed","title":"it should have extra appearance class"}],"endTime":1634626126690,"message":"","name":"/Users/stevefrenzel/Documents/GitHub/owncloud-design-system/src/components/atoms/OcButton/OcButton.spec.js","startTime":1634626123073,"status":"passed","summary":""},{"assertionResults":[{"ancestorTitles":["OcTextarea","id prop"],"failureMessages":[],"fullName":"OcTextarea id prop should set provided id to the textarea","location":null,"status":"passed","title":"should set provided id to the textarea"},{"ancestorTitles":["OcTextarea","id prop"],"failureMessages":[],"fullName":"OcTextarea id prop should set label target for provided id","location":null,"status":"passed","title":"should set label target for provided id"},{"ancestorTitles":["OcTextarea","id prop"],"failureMessages":[],"fullName":"OcTextarea id prop should set message id according to provided id","location":null,"status":"passed","title":"should set message id according to provided id"},{"ancestorTitles":["OcTextarea","label prop"],"failureMessages":[],"fullName":"OcTextarea label prop should set provided label to the textarea","location":null,"status":"passed","title":"should set provided label to the textarea"},{"ancestorTitles":["OcTextarea","when a description message is provided"],"failureMessages":[],"fullName":"OcTextarea when a description message is provided should add the description class to the textarea message","location":null,"status":"passed","title":"should add the description class to the textarea message"},{"ancestorTitles":["OcTextarea","when a description message is provided"],"failureMessages":[],"fullName":"OcTextarea when a description message is provided should show the description message as the input message text","location":null,"status":"passed","title":"should show the description message as the input message text"},{"ancestorTitles":["OcTextarea","when a warning message is provided"],"failureMessages":[],"fullName":"OcTextarea when a warning message is provided should add the warning class to the textarea","location":null,"status":"passed","title":"should add the warning class to the textarea"},{"ancestorTitles":["OcTextarea","when a warning message is provided"],"failureMessages":[],"fullName":"OcTextarea when a warning message is provided should add the warning class to the textarea message","location":null,"status":"passed","title":"should add the warning class to the textarea message"},{"ancestorTitles":["OcTextarea","when a warning message is provided"],"failureMessages":[],"fullName":"OcTextarea when a warning message is provided should show the warning message as the textarea message text","location":null,"status":"passed","title":"should show the warning message as the textarea message text"},{"ancestorTitles":["OcTextarea","when an error message is provided"],"failureMessages":[],"fullName":"OcTextarea when an error message is provided should add the error class to the textarea","location":null,"status":"passed","title":"should add the error class to the textarea"},{"ancestorTitles":["OcTextarea","when an error message is provided"],"failureMessages":[],"fullName":"OcTextarea when an error message is provided should add the error class to the textarea message","location":null,"status":"passed","title":"should add the error class to the textarea message"},{"ancestorTitles":["OcTextarea","when an error message is provided"],"failureMessages":[],"fullName":"OcTextarea when an error message is provided should show the error message as the textarea message text","location":null,"status":"passed","title":"should show the error message as the textarea message text"},{"ancestorTitles":["OcTextarea","when an error message is provided"],"failureMessages":[],"fullName":"OcTextarea when an error message is provided should set the input aria-invalid attribute to true","location":null,"status":"passed","title":"should set the input aria-invalid attribute to true"},{"ancestorTitles":["OcTextarea","message priority"],"failureMessages":[],"fullName":"OcTextarea message priority should give error message top priority","location":null,"status":"passed","title":"should give error message top priority"},{"ancestorTitles":["OcTextarea","message priority"],"failureMessages":[],"fullName":"OcTextarea message priority should give warning message priority over description message","location":null,"status":"passed","title":"should give warning message priority over description message"},{"ancestorTitles":["OcTextarea","input events"],"failureMessages":[],"fullName":"OcTextarea input events should emit an input event on typing","location":null,"status":"passed","title":"should emit an input event on typing"},{"ancestorTitles":["OcTextarea","change events"],"failureMessages":[],"fullName":"OcTextarea change events should emit a change event if submitOnEnter is true","location":null,"status":"passed","title":"should emit a change event if submitOnEnter is true"},{"ancestorTitles":["OcTextarea","change events"],"failureMessages":[],"fullName":"OcTextarea change events shouldn't emit a change event if submitOnEnter is false","location":null,"status":"passed","title":"shouldn't emit a change event if submitOnEnter is false"}],"endTime":1634626126681,"message":"","name":"/Users/stevefrenzel/Documents/GitHub/owncloud-design-system/src/components/atoms/OcTextarea/OcTextarea.spec.js","startTime":1634626123122,"status":"passed","summary":""},{"assertionResults":[{"ancestorTitles":["OcAvatar","prop value","when src is set"],"failureMessages":[],"fullName":"OcAvatar prop value when src is set should render oc image","location":null,"status":"passed","title":"should render oc image"},{"ancestorTitles":["OcAvatar","prop value","when src is set"],"failureMessages":[],"fullName":"OcAvatar prop value when src is set should not render user initial","location":null,"status":"passed","title":"should not render user initial"},{"ancestorTitles":["OcAvatar","prop value","when src is set"],"failureMessages":[],"fullName":"OcAvatar prop value when src is set should not render background","location":null,"status":"passed","title":"should not render background"},{"ancestorTitles":["OcAvatar","prop value","when username is set"],"failureMessages":[],"fullName":"OcAvatar prop value when username is set should render user initials for username .","location":null,"status":"passed","title":"should render user initials for username ."},{"ancestorTitles":["OcAvatar","prop value","when username is set"],"failureMessages":[],"fullName":"OcAvatar prop value when username is set should render user initials for username १२३ ४५६","location":null,"status":"passed","title":"should render user initials for username १२३ ४५६"},{"ancestorTitles":["OcAvatar","prop value","when username is set"],"failureMessages":[],"fullName":"OcAvatar prop value when username is set should render user initials for username अंशु वर्मा","location":null,"status":"passed","title":"should render user initials for username अंशु वर्मा"},{"ancestorTitles":["OcAvatar","prop value","when username is set"],"failureMessages":[],"fullName":"OcAvatar prop value when username is set should render user initials for username किरण पराजुली","location":null,"status":"passed","title":"should render user initials for username किरण पराजुली"},{"ancestorTitles":["OcAvatar","prop value","when username is set"],"failureMessages":[],"fullName":"OcAvatar prop value when username is set should render user initials for username Kiran पराजुली","location":null,"status":"passed","title":"should render user initials for username Kiran पराजुली"},{"ancestorTitles":["OcAvatar","prop value","when username is set"],"failureMessages":[],"fullName":"OcAvatar prop value when username is set should render user initials for username किरण Parajuli","location":null,"status":"passed","title":"should render user initials for username किरण Parajuli"},{"ancestorTitles":["OcAvatar","prop value","when username is set"],"failureMessages":[],"fullName":"OcAvatar prop value when username is set should render user initials for username test","location":null,"status":"passed","title":"should render user initials for username test"},{"ancestorTitles":["OcAvatar","prop value","when username is set"],"failureMessages":[],"fullName":"OcAvatar prop value when username is set should render user initials for username Test","location":null,"status":"passed","title":"should render user initials for username Test"},{"ancestorTitles":["OcAvatar","prop value","when username is set"],"failureMessages":[],"fullName":"OcAvatar prop value when username is set should render user initials for username 1Test","location":null,"status":"passed","title":"should render user initials for username 1Test"},{"ancestorTitles":["OcAvatar","prop value","when username is set"],"failureMessages":[],"fullName":"OcAvatar prop value when username is set should render user initials for username test user","location":null,"status":"passed","title":"should render user initials for username test user"},{"ancestorTitles":["OcAvatar","prop value","when username is set"],"failureMessages":[],"fullName":"OcAvatar prop value when username is set should render user initials for username test User","location":null,"status":"passed","title":"should render user initials for username test User"},{"ancestorTitles":["OcAvatar","prop value","when username is set"],"failureMessages":[],"fullName":"OcAvatar prop value when username is set should render user initials for username Test User","location":null,"status":"passed","title":"should render user initials for username Test User"},{"ancestorTitles":["OcAvatar","prop value","when username is set"],"failureMessages":[],"fullName":"OcAvatar prop value when username is set should render user initials for username 1234 5678","location":null,"status":"passed","title":"should render user initials for username 1234 5678"},{"ancestorTitles":["OcAvatar","prop value","when username is set"],"failureMessages":[],"fullName":"OcAvatar prop value when username is set should render user initials for username test-user","location":null,"status":"passed","title":"should render user initials for username test-user"},{"ancestorTitles":["OcAvatar","prop value","when username is set"],"failureMessages":[],"fullName":"OcAvatar prop value when username is set should render user initials for username test -user","location":null,"status":"passed","title":"should render user initials for username test -user"},{"ancestorTitles":["OcAvatar","prop value","when username is set"],"failureMessages":[],"fullName":"OcAvatar prop value when username is set should render user initials for username test - user","location":null,"status":"passed","title":"should render user initials for username test - user"},{"ancestorTitles":["OcAvatar","prop value","when username is set"],"failureMessages":[],"fullName":"OcAvatar prop value when username is set should render user initials for username test user one","location":null,"status":"passed","title":"should render user initials for username test user one"},{"ancestorTitles":["OcAvatar","prop value","when username is set"],"failureMessages":[],"fullName":"OcAvatar prop value when username is set should render user initials for username test-user-one","location":null,"status":"passed","title":"should render user initials for username test-user-one"},{"ancestorTitles":["OcAvatar","prop value","when username is set"],"failureMessages":[],"fullName":"OcAvatar prop value when username is set should render user initials for username test user one primary","location":null,"status":"passed","title":"should render user initials for username test user one primary"},{"ancestorTitles":["OcAvatar","prop value","when username is set"],"failureMessages":[],"fullName":"OcAvatar prop value when username is set should render user initials for username test User One Primary","location":null,"status":"passed","title":"should render user initials for username test User One Primary"},{"ancestorTitles":["OcAvatar","prop value","when username is set"],"failureMessages":[],"fullName":"OcAvatar prop value when username is set should render user initials for username testUser One Primary","location":null,"status":"passed","title":"should render user initials for username testUser One Primary"},{"ancestorTitles":["OcAvatar","prop value","when width is set"],"failureMessages":[],"fullName":"OcAvatar prop value when width is set should set width and height of the avatar wrapper","location":null,"status":"passed","title":"should set width and height of the avatar wrapper"},{"ancestorTitles":["OcAvatar","prop value","when width is set"],"failureMessages":[],"fullName":"OcAvatar prop value when width is set should determine font size and line height","location":null,"status":"passed","title":"should determine font size and line height"},{"ancestorTitles":["OcAvatar","prop value","accessibleLabel"],"failureMessages":[],"fullName":"OcAvatar prop value accessibleLabel should not be set when value is empty string","location":null,"status":"passed","title":"should not be set when value is empty string"},{"ancestorTitles":["OcAvatar","prop value","accessibleLabel"],"failureMessages":[],"fullName":"OcAvatar prop value accessibleLabel should be set when value is not empty string","location":null,"status":"passed","title":"should be set when value is not empty string"}],"endTime":1634626126772,"message":"","name":"/Users/stevefrenzel/Documents/GitHub/owncloud-design-system/src/components/molecules/OcAvatar/OcAvatar.spec.js","startTime":1634626123188,"status":"passed","summary":""},{"assertionResults":[{"ancestorTitles":["OcPagination"],"failureMessages":[],"fullName":"OcPagination displays all pages","location":null,"status":"passed","title":"displays all pages"},{"ancestorTitles":["OcPagination"],"failureMessages":[],"fullName":"OcPagination displays prev and next links","location":null,"status":"passed","title":"displays prev and next links"},{"ancestorTitles":["OcPagination"],"failureMessages":[],"fullName":"OcPagination hides prev link if the current page is the first page","location":null,"status":"passed","title":"hides prev link if the current page is the first page"},{"ancestorTitles":["OcPagination"],"failureMessages":[],"fullName":"OcPagination hides next link if the current page is the last page","location":null,"status":"passed","title":"hides next link if the current page is the last page"},{"ancestorTitles":["OcPagination"],"failureMessages":[],"fullName":"OcPagination truncates pages if maxDisplayed prop is set","location":null,"status":"passed","title":"truncates pages if maxDisplayed prop is set"},{"ancestorTitles":["OcPagination"],"failureMessages":[],"fullName":"OcPagination does not truncates pages if length of pages is the same as with ...","location":null,"status":"passed","title":"does not truncates pages if length of pages is the same as with ..."},{"ancestorTitles":["OcPagination"],"failureMessages":[],"fullName":"OcPagination doesn't show ellipsis if maxDisplayed prop is set but no pages are removed","location":null,"status":"passed","title":"doesn't show ellipsis if maxDisplayed prop is set but no pages are removed"},{"ancestorTitles":["OcPagination"],"failureMessages":[],"fullName":"OcPagination logs error if maxDisplayed prop is not an even number","location":null,"status":"passed","title":"logs error if maxDisplayed prop is not an even number"},{"ancestorTitles":["OcPagination"],"failureMessages":[],"fullName":"OcPagination builds correct prev and next links","location":null,"status":"passed","title":"builds correct prev and next links"}],"endTime":1634626127229,"message":"","name":"/Users/stevefrenzel/Documents/GitHub/owncloud-design-system/src/components/molecules/OcPagination/OcPagination.spec.js","startTime":1634626123122,"status":"passed","summary":""},{"assertionResults":[{"ancestorTitles":["OcTextInput","id prop"],"failureMessages":[],"fullName":"OcTextInput id prop should set provided id to the input","location":null,"status":"passed","title":"should set provided id to the input"},{"ancestorTitles":["OcTextInput","id prop"],"failureMessages":[],"fullName":"OcTextInput id prop should set label target for provided id","location":null,"status":"passed","title":"should set label target for provided id"},{"ancestorTitles":["OcTextInput","id prop"],"failureMessages":[],"fullName":"OcTextInput id prop should set message id according to provided id","location":null,"status":"passed","title":"should set message id according to provided id"},{"ancestorTitles":["OcTextInput","label prop"],"failureMessages":[],"fullName":"OcTextInput label prop should set provided label to the input","location":null,"status":"passed","title":"should set provided label to the input"},{"ancestorTitles":["OcTextInput","input classes"],"failureMessages":[],"fullName":"OcTextInput input classes should be empty if stop class propagation is enabled","location":null,"status":"passed","title":"should be empty if stop class propagation is enabled"},{"ancestorTitles":["OcTextInput","when a description message is provided"],"failureMessages":[],"fullName":"OcTextInput when a description message is provided should add the description class to the input message","location":null,"status":"passed","title":"should add the description class to the input message"},{"ancestorTitles":["OcTextInput","when a description message is provided"],"failureMessages":[],"fullName":"OcTextInput when a description message is provided should show the description message as the input message text","location":null,"status":"passed","title":"should show the description message as the input message text"},{"ancestorTitles":["OcTextInput","when a warning message is provided"],"failureMessages":[],"fullName":"OcTextInput when a warning message is provided should add the warning class to the input","location":null,"status":"passed","title":"should add the warning class to the input"},{"ancestorTitles":["OcTextInput","when a warning message is provided"],"failureMessages":[],"fullName":"OcTextInput when a warning message is provided should add the warning class to the input message","location":null,"status":"passed","title":"should add the warning class to the input message"},{"ancestorTitles":["OcTextInput","when a warning message is provided"],"failureMessages":[],"fullName":"OcTextInput when a warning message is provided should show the warning message as the input message text","location":null,"status":"passed","title":"should show the warning message as the input message text"},{"ancestorTitles":["OcTextInput","when an error message is provided"],"failureMessages":[],"fullName":"OcTextInput when an error message is provided should add the error class to the input","location":null,"status":"passed","title":"should add the error class to the input"},{"ancestorTitles":["OcTextInput","when an error message is provided"],"failureMessages":[],"fullName":"OcTextInput when an error message is provided should add the error class to the input message","location":null,"status":"passed","title":"should add the error class to the input message"},{"ancestorTitles":["OcTextInput","when an error message is provided"],"failureMessages":[],"fullName":"OcTextInput when an error message is provided should show the error message as the input message text","location":null,"status":"passed","title":"should show the error message as the input message text"},{"ancestorTitles":["OcTextInput","when an error message is provided"],"failureMessages":[],"fullName":"OcTextInput when an error message is provided should set the input aria-invalid attribute to true","location":null,"status":"passed","title":"should set the input aria-invalid attribute to true"},{"ancestorTitles":["OcTextInput","message priority"],"failureMessages":[],"fullName":"OcTextInput message priority should give error message top priority","location":null,"status":"passed","title":"should give error message top priority"},{"ancestorTitles":["OcTextInput","message priority"],"failureMessages":[],"fullName":"OcTextInput message priority should give waring message priority over description message","location":null,"status":"passed","title":"should give waring message priority over description message"},{"ancestorTitles":["OcTextInput","type prop"],"failureMessages":[],"fullName":"OcTextInput type prop should only allow text, number, email and password as type","location":null,"status":"passed","title":"should only allow text, number, email and password as type"},{"ancestorTitles":["OcTextInput","type prop"],"failureMessages":[],"fullName":"OcTextInput type prop should set the provided type for the input","location":null,"status":"passed","title":"should set the provided type for the input"},{"ancestorTitles":["OcTextInput","type prop"],"failureMessages":[],"fullName":"OcTextInput type prop should set the provided type for the input","location":null,"status":"passed","title":"should set the provided type for the input"},{"ancestorTitles":["OcTextInput","type prop"],"failureMessages":[],"fullName":"OcTextInput type prop should set the provided type for the input","location":null,"status":"passed","title":"should set the provided type for the input"},{"ancestorTitles":["OcTextInput","type prop"],"failureMessages":[],"fullName":"OcTextInput type prop should set the provided type for the input","location":null,"status":"passed","title":"should set the provided type for the input"},{"ancestorTitles":["OcTextInput","input events"],"failureMessages":[],"fullName":"OcTextInput input events should emit an input event on typing","location":null,"status":"passed","title":"should emit an input event on typing"},{"ancestorTitles":["OcTextInput","clear-button accessible label prop"],"failureMessages":[],"fullName":"OcTextInput clear-button accessible label prop should set the aria label attribute if provided","location":null,"status":"passed","title":"should set the aria label attribute if provided"},{"ancestorTitles":["OcTextInput","clear input"],"failureMessages":[],"fullName":"OcTextInput clear input has no clear button when it is disabled","location":null,"status":"passed","title":"has no clear button when it is disabled"},{"ancestorTitles":["OcTextInput","clear input"],"failureMessages":[],"fullName":"OcTextInput clear input has no clear button when it is enabled but the input is empty","location":null,"status":"passed","title":"has no clear button when it is enabled but the input is empty"},{"ancestorTitles":["OcTextInput","clear input"],"failureMessages":[],"fullName":"OcTextInput clear input has a clear button when it is enabled and the input contains content","location":null,"status":"passed","title":"has a clear button when it is enabled and the input contains content"},{"ancestorTitles":["OcTextInput","clear input"],"failureMessages":[],"fullName":"OcTextInput clear input clears the content on click","location":null,"status":"passed","title":"clears the content on click"}],"endTime":1634626127313,"message":"","name":"/Users/stevefrenzel/Documents/GitHub/owncloud-design-system/src/components/molecules/OcTextInput/OcTextInput.spec.js","startTime":1634626123112,"status":"passed","summary":""},{"assertionResults":[{"ancestorTitles":["OcAccordionItem"],"failureMessages":[],"fullName":"OcAccordionItem should set item id if given","location":null,"status":"passed","title":"should set item id if given"},{"ancestorTitles":["OcAccordionItem"],"failureMessages":[],"fullName":"OcAccordionItem should render title as heading with provided heading level","location":null,"status":"passed","title":"should render title as heading with provided heading level"},{"ancestorTitles":["OcAccordionItem","description prop","when description is given"],"failureMessages":[],"fullName":"OcAccordionItem description prop when description is given should render given description","location":null,"status":"passed","title":"should render given description"},{"ancestorTitles":["OcAccordionItem","description prop","when description is not given"],"failureMessages":[],"fullName":"OcAccordionItem description prop when description is not given should not render description inside title","location":null,"status":"passed","title":"should not render description inside title"},{"ancestorTitles":["OcAccordionItem","icon prop","when icon is not given"],"failureMessages":[],"fullName":"OcAccordionItem icon prop when icon is not given should not render any icon","location":null,"status":"passed","title":"should not render any icon"},{"ancestorTitles":["OcAccordionItem","icon prop","when icon is given"],"failureMessages":[],"fullName":"OcAccordionItem icon prop when icon is given should render an icon beside title","location":null,"status":"passed","title":"should render an icon beside title"},{"ancestorTitles":["OcAccordionItem","toggle expanded"],"failureMessages":[],"fullName":"OcAccordionItem toggle expanded when title button is clicked","location":null,"status":"passed","title":"when title button is clicked"}],"endTime":1634626127388,"message":"","name":"/Users/stevefrenzel/Documents/GitHub/owncloud-design-system/src/components/molecules/OcAccordionItem/OcAccordionItem.spec.js","startTime":1634626126757,"status":"passed","summary":""},{"assertionResults":[{"ancestorTitles":["OcAccordion","when item title is clicked"],"failureMessages":[],"fullName":"OcAccordion when item title is clicked should be able to toggle expanded","location":null,"status":"passed","title":"should be able to toggle expanded"},{"ancestorTitles":["OcAccordion","item expand more icon","when accordion item is collapsed"],"failureMessages":[],"fullName":"OcAccordion item expand more icon when accordion item is collapsed should not have class rotate","location":null,"status":"passed","title":"should not have class rotate"},{"ancestorTitles":["OcAccordion","item expand more icon","when accordion item is expanded"],"failureMessages":[],"fullName":"OcAccordion item expand more icon when accordion item is expanded should have class rotate","location":null,"status":"passed","title":"should have class rotate"},{"ancestorTitles":["OcAccordion","multiple items in accordion","when multiple prop is false and multiple items are given"],"failureMessages":[],"fullName":"OcAccordion multiple items in accordion when multiple prop is false and multiple items are given renders all items in slot data","location":null,"status":"passed","title":"renders all items in slot data"},{"ancestorTitles":["OcAccordion","multiple items in accordion","when multiple prop is true and multiple items are given"],"failureMessages":[],"fullName":"OcAccordion multiple items in accordion when multiple prop is true and multiple items are given renders all items in slot data","location":null,"status":"passed","title":"renders all items in slot data"},{"ancestorTitles":["OcAccordion","multiple items in accordion","when a specific item is expanded"],"failureMessages":[],"fullName":"OcAccordion multiple items in accordion when a specific item is expanded should display only expanded item's content","location":null,"status":"passed","title":"should display only expanded item's content"},{"ancestorTitles":["OcAccordion","multiple items in accordion","when multiple items are expanded"],"failureMessages":[],"fullName":"OcAccordion multiple items in accordion when multiple items are expanded should display every expanded item's content","location":null,"status":"passed","title":"should display every expanded item's content"}],"endTime":1634626127461,"message":"","name":"/Users/stevefrenzel/Documents/GitHub/owncloud-design-system/src/components/organisms/OcAccordion/OcAccordion.spec.js","startTime":1634626123115,"status":"passed","summary":""},{"assertionResults":[{"ancestorTitles":["OcNotificationMessage","title prop"],"failureMessages":[],"fullName":"OcNotificationMessage title prop should set notification message title","location":null,"status":"passed","title":"should set notification message title"},{"ancestorTitles":["OcNotificationMessage","message prop"],"failureMessages":[],"fullName":"OcNotificationMessage message prop should render message, if message is provided","location":null,"status":"passed","title":"should render message, if message is provided"},{"ancestorTitles":["OcNotificationMessage","message prop"],"failureMessages":[],"fullName":"OcNotificationMessage message prop should not render message, if message is not provided","location":null,"status":"passed","title":"should not render message, if message is not provided"},{"ancestorTitles":["OcNotificationMessage","status prop"],"failureMessages":[],"fullName":"OcNotificationMessage status prop should not allow values other than passive, primary, success, warning, danger","location":null,"status":"passed","title":"should not allow values other than passive, primary, success, warning, danger"},{"ancestorTitles":["OcNotificationMessage","status prop"],"failureMessages":[],"fullName":"OcNotificationMessage status prop it should set provided status as class for wrapper","location":null,"status":"passed","title":"it should set provided status as class for wrapper"},{"ancestorTitles":["OcNotificationMessage","status prop"],"failureMessages":[],"fullName":"OcNotificationMessage status prop it should set provided status as class for wrapper","location":null,"status":"passed","title":"it should set provided status as class for wrapper"},{"ancestorTitles":["OcNotificationMessage","status prop"],"failureMessages":[],"fullName":"OcNotificationMessage status prop it should set provided status as class for wrapper","location":null,"status":"passed","title":"it should set provided status as class for wrapper"},{"ancestorTitles":["OcNotificationMessage","status prop"],"failureMessages":[],"fullName":"OcNotificationMessage status prop it should set provided status as class for wrapper","location":null,"status":"passed","title":"it should set provided status as class for wrapper"},{"ancestorTitles":["OcNotificationMessage","status prop"],"failureMessages":[],"fullName":"OcNotificationMessage status prop it should set provided status as class for wrapper","location":null,"status":"passed","title":"it should set provided status as class for wrapper"},{"ancestorTitles":["OcNotificationMessage","status prop"],"failureMessages":[],"fullName":"OcNotificationMessage status prop should set status as icon variation","location":null,"status":"passed","title":"should set status as icon variation"},{"ancestorTitles":["OcNotificationMessage","status prop","role and aria live of message content wrapper"],"failureMessages":[],"fullName":"OcNotificationMessage status prop role and aria live of message content wrapper should set role as 'status' and aria-live as 'polite' if status is not danger","location":null,"status":"passed","title":"should set role as 'status' and aria-live as 'polite' if status is not danger"},{"ancestorTitles":["OcNotificationMessage","status prop","role and aria live of message content wrapper"],"failureMessages":[],"fullName":"OcNotificationMessage status prop role and aria live of message content wrapper should set role as 'alert' and aria-live as 'assertive' if status is danger","location":null,"status":"passed","title":"should set role as 'alert' and aria-live as 'assertive' if status is danger"},{"ancestorTitles":["OcNotificationMessage"],"failureMessages":[],"fullName":"OcNotificationMessage should emit close after set timout","location":null,"status":"passed","title":"should emit close after set timout"}],"endTime":1634626127543,"message":"","name":"/Users/stevefrenzel/Documents/GitHub/owncloud-design-system/src/components/molecules/OcNotificationMessage/OcNotificationMessage.spec.js","startTime":1634626126738,"status":"passed","summary":""},{"assertionResults":[{"ancestorTitles":["OcResourceName"],"failureMessages":[],"fullName":"OcResourceName displays full path","location":null,"status":"passed","title":"displays full path"},{"ancestorTitles":["OcResourceName"],"failureMessages":[],"fullName":"OcResourceName displays only direct parent","location":null,"status":"passed","title":"displays only direct parent"},{"ancestorTitles":["OcResourceName"],"failureMessages":[],"fullName":"OcResourceName hides the path if not enabled","location":null,"status":"passed","title":"hides the path if not enabled"},{"ancestorTitles":["OcResourceName"],"failureMessages":[],"fullName":"OcResourceName doesn't add extension to hidden folder","location":null,"status":"passed","title":"doesn't add extension to hidden folder"},{"ancestorTitles":["OcResourceName"],"failureMessages":[],"fullName":"OcResourceName renders folder names with dots completely in the basename","location":null,"status":"passed","title":"renders folder names with dots completely in the basename"},{"ancestorTitles":["OcResourceName"],"failureMessages":[],"fullName":"OcResourceName has properties for resource path, name and type","location":null,"status":"passed","title":"has properties for resource path, name and type"}],"endTime":1634626127980,"message":"","name":"/Users/stevefrenzel/Documents/GitHub/owncloud-design-system/src/components/atoms/OcResourceName/OcResourceName.spec.js","startTime":1634626127308,"status":"passed","summary":""},{"assertionResults":[{"ancestorTitles":["OcSearchBar","search grid role"],"failureMessages":[],"fullName":"OcSearchBar search grid role should be undefined if filter is enabled","location":null,"status":"passed","title":"should be undefined if filter is enabled"},{"ancestorTitles":["OcSearchBar","search grid role"],"failureMessages":[],"fullName":"OcSearchBar search grid role should be search if filter is disabled","location":null,"status":"passed","title":"should be search if filter is disabled"},{"ancestorTitles":["OcSearchBar","small prop","when small is true"],"failureMessages":[],"fullName":"OcSearchBar small prop when small is true should set small search button","location":null,"status":"passed","title":"should set small search button"},{"ancestorTitles":["OcSearchBar","small prop","when small is true"],"failureMessages":[],"fullName":"OcSearchBar small prop when small is true should set small search grid","location":null,"status":"passed","title":"should set small search grid"},{"ancestorTitles":["OcSearchBar","small prop","when small is true"],"failureMessages":[],"fullName":"OcSearchBar small prop when small is true should set spinner size as xsmall","location":null,"status":"passed","title":"should set spinner size as xsmall"},{"ancestorTitles":["OcSearchBar","small prop"],"failureMessages":[],"fullName":"OcSearchBar small prop should set medium search grid and search button if not enabled","location":null,"status":"passed","title":"should set medium search grid and search button if not enabled"},{"ancestorTitles":["OcSearchBar","icon prop","when icon prop is not false"],"failureMessages":[],"fullName":"OcSearchBar icon prop when icon prop is not false should add icon class to search input","location":null,"status":"passed","title":"should add icon class to search input"},{"ancestorTitles":["OcSearchBar","icon prop","when icon prop is not false"],"failureMessages":[],"fullName":"OcSearchBar icon prop when icon prop is not false should render icon","location":null,"status":"passed","title":"should render icon"},{"ancestorTitles":["OcSearchBar","icon prop"],"failureMessages":[],"fullName":"OcSearchBar icon prop should not render icon if false","location":null,"status":"passed","title":"should not render icon if false"},{"ancestorTitles":["OcSearchBar","loading prop","when loading"],"failureMessages":[],"fullName":"OcSearchBar loading prop when loading should show spinner","location":null,"status":"passed","title":"should show spinner"},{"ancestorTitles":["OcSearchBar","loading prop","when loading"],"failureMessages":[],"fullName":"OcSearchBar loading prop when loading should not show icon if loading","location":null,"status":"passed","title":"should not show icon if loading"},{"ancestorTitles":["OcSearchBar","loading prop","when loading"],"failureMessages":[],"fullName":"OcSearchBar loading prop when loading should set search input as disabled","location":null,"status":"passed","title":"should set search input as disabled"},{"ancestorTitles":["OcSearchBar","loading prop","when loading"],"failureMessages":[],"fullName":"OcSearchBar loading prop when loading should set search button as disabled","location":null,"status":"passed","title":"should set search button as disabled"},{"ancestorTitles":["OcSearchBar","loading prop","when not loading"],"failureMessages":[],"fullName":"OcSearchBar loading prop when not loading should not show spinner","location":null,"status":"passed","title":"should not show spinner"},{"ancestorTitles":["OcSearchBar","loading prop","when not loading"],"failureMessages":[],"fullName":"OcSearchBar loading prop when not loading should enable search input","location":null,"status":"passed","title":"should enable search input"},{"ancestorTitles":["OcSearchBar","loading prop","when not loading"],"failureMessages":[],"fullName":"OcSearchBar loading prop when not loading should enable search button","location":null,"status":"passed","title":"should enable search button"},{"ancestorTitles":["OcSearchBar","button label prop"],"failureMessages":[],"fullName":"OcSearchBar button label prop should set the provided button label on search button","location":null,"status":"passed","title":"should set the provided button label on search button"},{"ancestorTitles":["OcSearchBar","button hidden prop"],"failureMessages":[],"fullName":"OcSearchBar button hidden prop should add invisible class to search button if enabled","location":null,"status":"passed","title":"should add invisible class to search button if enabled"},{"ancestorTitles":["OcSearchBar","button hidden prop"],"failureMessages":[],"fullName":"OcSearchBar button hidden prop should add button class to input if disabled","location":null,"status":"passed","title":"should add button class to input if disabled"},{"ancestorTitles":["OcSearchBar","aria-label for the loading spinner"],"failureMessages":[],"fullName":"OcSearchBar aria-label for the loading spinner should add provided loading accessible label","location":null,"status":"passed","title":"should add provided loading accessible label"},{"ancestorTitles":["OcSearchBar","aria-label for the loading spinner"],"failureMessages":[],"fullName":"OcSearchBar aria-label for the loading spinner should add loading accessible label if not provided","location":null,"status":"passed","title":"should add loading accessible label if not provided"},{"ancestorTitles":["OcSearchBar","search input"],"failureMessages":[],"fullName":"OcSearchBar search input should set provided label as input aria label","location":null,"status":"passed","title":"should set provided label as input aria label"},{"ancestorTitles":["OcSearchBar","search input"],"failureMessages":[],"fullName":"OcSearchBar search input should set provided placeholder as input placeholder","location":null,"status":"passed","title":"should set provided placeholder as input placeholder"},{"ancestorTitles":["OcSearchBar","search input"],"failureMessages":[],"fullName":"OcSearchBar search input should emit input event on typing","location":null,"status":"passed","title":"should emit input event on typing"},{"ancestorTitles":["OcSearchBar","type ahead prop"],"failureMessages":[],"fullName":"OcSearchBar type ahead prop the search event is triggered on each entered character if enabled","location":null,"status":"passed","title":"the search event is triggered on each entered character if enabled"},{"ancestorTitles":["OcSearchBar","type ahead prop"],"failureMessages":[],"fullName":"OcSearchBar type ahead prop the search event is not triggered on each entered character if disabled","location":null,"status":"passed","title":"the search event is not triggered on each entered character if disabled"},{"ancestorTitles":["OcSearchBar","when search button is clicked"],"failureMessages":[],"fullName":"OcSearchBar when search button is clicked should emit search event if search query is not null","location":null,"status":"passed","title":"should emit search event if search query is not null"},{"ancestorTitles":["OcSearchBar","when search button is clicked"],"failureMessages":[],"fullName":"OcSearchBar when search button is clicked should not emit search event if search query is null","location":null,"status":"passed","title":"should not emit search event if search query is null"},{"ancestorTitles":["OcSearchBar","clear search query button","visibility"],"failureMessages":[],"fullName":"OcSearchBar clear search query button visibility should be visible only if query is not empty","location":null,"status":"passed","title":"should be visible only if query is not empty"},{"ancestorTitles":["OcSearchBar","clear search query button","on clear"],"failureMessages":[],"fullName":"OcSearchBar clear search query button on clear should emit clear if clicked","location":null,"status":"passed","title":"should emit clear if clicked"},{"ancestorTitles":["OcSearchBar","clear search query button","on clear"],"failureMessages":[],"fullName":"OcSearchBar clear search query button on clear should clear search query","location":null,"status":"passed","title":"should clear search query"}],"endTime":1634626127973,"message":"","name":"/Users/stevefrenzel/Documents/GitHub/owncloud-design-system/src/components/atoms/OcSearchBar/OcSearchBar.spec.js","startTime":1634626123107,"status":"passed","summary":""},{"assertionResults":[{"ancestorTitles":["OcTable.sort","aria-sort"],"failureMessages":[],"fullName":"OcTable.sort aria-sort has any [aria-sort] attribute on all sortable column headers","location":null,"status":"passed","title":"has any [aria-sort] attribute on all sortable column headers"},{"ancestorTitles":["OcTable.sort","aria-sort"],"failureMessages":[],"fullName":"OcTable.sort aria-sort lacks an [aria-sort] attribute on non-sortable column headers","location":null,"status":"passed","title":"lacks an [aria-sort] attribute on non-sortable column headers"},{"ancestorTitles":["OcTable.sort"],"failureMessages":[],"fullName":"OcTable.sort sorts by the first sortable field by default (= without interaction)","location":null,"status":"passed","title":"sorts by the first sortable field by default (= without interaction)"},{"ancestorTitles":["OcTable.sort"],"failureMessages":[],"fullName":"OcTable.sort can sort","location":null,"status":"passed","title":"can sort"}],"endTime":1634626127975,"message":"","name":"/Users/stevefrenzel/Documents/GitHub/owncloud-design-system/src/components/molecules/OcTable/OcTable.sort.spec.js","startTime":1634626126712,"status":"passed","summary":""},{"assertionResults":[{"ancestorTitles":["OcCheckbox","input id"],"failureMessages":[],"fullName":"OcCheckbox input id should set the provided id for the input","location":null,"status":"passed","title":"should set the provided id for the input"},{"ancestorTitles":["OcCheckbox","input label"],"failureMessages":[],"fullName":"OcCheckbox input label should set the provided label for the input","location":null,"status":"passed","title":"should set the provided label for the input"},{"ancestorTitles":["OcCheckbox","input label"],"failureMessages":[],"fullName":"OcCheckbox input label should hide label if 'hideLabel' prop is enabled","location":null,"status":"passed","title":"should hide label if 'hideLabel' prop is enabled"},{"ancestorTitles":["OcCheckbox","input label"],"failureMessages":[],"fullName":"OcCheckbox input label should have cursor pointer property if not disabled","location":null,"status":"passed","title":"should have cursor pointer property if not disabled"},{"ancestorTitles":["OcCheckbox","input size"],"failureMessages":[],"fullName":"OcCheckbox input size valid size options","location":null,"status":"passed","title":"valid size options"},{"ancestorTitles":["OcCheckbox","input size"],"failureMessages":[],"fullName":"OcCheckbox input size valid size options","location":null,"status":"passed","title":"valid size options"},{"ancestorTitles":["OcCheckbox","input size"],"failureMessages":[],"fullName":"OcCheckbox input size valid size options","location":null,"status":"passed","title":"valid size options"},{"ancestorTitles":["OcCheckbox","set checked"],"failureMessages":[],"fullName":"OcCheckbox set checked should set check on input change","location":null,"status":"passed","title":"should set check on input change"}],"endTime":1634626128093,"message":"","name":"/Users/stevefrenzel/Documents/GitHub/owncloud-design-system/src/components/atoms/OcCheckbox/OcCheckbox.spec.js","startTime":1634626127416,"status":"passed","summary":""},{"assertionResults":[{"ancestorTitles":["activeNav.js"],"failureMessages":[],"fullName":"activeNav.js contains a list","location":null,"status":"passed","title":"contains a list"},{"ancestorTitles":["activeNav.js"],"failureMessages":[],"fullName":"activeNav.js should add an active class to the current nav item","location":null,"status":"passed","title":"should add an active class to the current nav item"},{"ancestorTitles":["activeNav.js"],"failureMessages":[],"fullName":"activeNav.js should add an active class to its parentNode on click","location":null,"status":"passed","title":"should add an active class to its parentNode on click"},{"ancestorTitles":["activeNav.js"],"failureMessages":[],"fullName":"activeNav.js should change the active class on top level when a sub item is clicked","location":null,"status":"passed","title":"should change the active class on top level when a sub item is clicked"}],"endTime":1634626128236,"message":"","name":"/Users/stevefrenzel/Documents/GitHub/owncloud-design-system/docs/utils/activeNav.spec.js","startTime":1634626127583,"status":"passed","summary":""},{"assertionResults":[{"ancestorTitles":["OcRecipient"],"failureMessages":[],"fullName":"OcRecipient displays recipient name","location":null,"status":"passed","title":"displays recipient name"},{"ancestorTitles":["OcRecipient"],"failureMessages":[],"fullName":"OcRecipient displays avatar","location":null,"status":"passed","title":"displays avatar"},{"ancestorTitles":["OcRecipient"],"failureMessages":[],"fullName":"OcRecipient displays a spinner if avatar has not been loaded yet","location":null,"status":"passed","title":"displays a spinner if avatar has not been loaded yet"},{"ancestorTitles":["OcRecipient"],"failureMessages":[],"fullName":"OcRecipient displays an icon if avatar is not enabled","location":null,"status":"passed","title":"displays an icon if avatar is not enabled"},{"ancestorTitles":["OcRecipient"],"failureMessages":[],"fullName":"OcRecipient display content in the append slot","location":null,"status":"passed","title":"display content in the append slot"},{"ancestorTitles":["OcRecipient"],"failureMessages":[],"fullName":"OcRecipient throws an error if name is not defined","location":null,"status":"passed","title":"throws an error if name is not defined"},{"ancestorTitles":["OcRecipient"],"failureMessages":[],"fullName":"OcRecipient throws an error if name is not a string","location":null,"status":"passed","title":"throws an error if name is not a string"},{"ancestorTitles":["OcRecipient"],"failureMessages":[],"fullName":"OcRecipient throws an error if name is empty","location":null,"status":"passed","title":"throws an error if name is empty"},{"ancestorTitles":["OcRecipient"],"failureMessages":[],"fullName":"OcRecipient throws an error if icon name is not defined","location":null,"status":"passed","title":"throws an error if icon name is not defined"},{"ancestorTitles":["OcRecipient"],"failureMessages":[],"fullName":"OcRecipient throws an error if icon name is not a string","location":null,"status":"passed","title":"throws an error if icon name is not a string"},{"ancestorTitles":["OcRecipient"],"failureMessages":[],"fullName":"OcRecipient throws an error if icon name is empty","location":null,"status":"passed","title":"throws an error if icon name is empty"},{"ancestorTitles":["OcRecipient"],"failureMessages":[],"fullName":"OcRecipient throws an error if icon label is not defined","location":null,"status":"passed","title":"throws an error if icon label is not defined"},{"ancestorTitles":["OcRecipient"],"failureMessages":[],"fullName":"OcRecipient throws an error if icon label is not a string","location":null,"status":"passed","title":"throws an error if icon label is not a string"},{"ancestorTitles":["OcRecipient"],"failureMessages":[],"fullName":"OcRecipient throws an error if icon label is empty","location":null,"status":"passed","title":"throws an error if icon label is empty"}],"endTime":1634626128223,"message":"","name":"/Users/stevefrenzel/Documents/GitHub/owncloud-design-system/src/components/organisms/OcRecipient/OcRecipient.spec.js","startTime":1634626127447,"status":"passed","summary":""},{"assertionResults":[{"ancestorTitles":["OcGrid","gutter"],"failureMessages":[],"fullName":"OcGrid gutter should set provided gutter value","location":null,"status":"passed","title":"should set provided gutter value"},{"ancestorTitles":["OcGrid","gutter"],"failureMessages":[],"fullName":"OcGrid gutter should set provided gutter value","location":null,"status":"passed","title":"should set provided gutter value"},{"ancestorTitles":["OcGrid","gutter"],"failureMessages":[],"fullName":"OcGrid gutter should set provided gutter value","location":null,"status":"passed","title":"should set provided gutter value"},{"ancestorTitles":["OcGrid","gutter"],"failureMessages":[],"fullName":"OcGrid gutter should set provided gutter value","location":null,"status":"passed","title":"should set provided gutter value"},{"ancestorTitles":["OcGrid","gutter"],"failureMessages":[],"fullName":"OcGrid gutter should not accept invalid values","location":null,"status":"passed","title":"should not accept invalid values"},{"ancestorTitles":["OcGrid","when match prop is true"],"failureMessages":[],"fullName":"OcGrid when match prop is true should set gird match class","location":null,"status":"passed","title":"should set gird match class"},{"ancestorTitles":["OcGrid","when flex prop is true"],"failureMessages":[],"fullName":"OcGrid when flex prop is true should set grid flex class","location":null,"status":"passed","title":"should set grid flex class"},{"ancestorTitles":["OcGrid","child width","when child width is string"],"failureMessages":[],"fullName":"OcGrid child width when child width is string should set child width class to the grid wrapper","location":null,"status":"passed","title":"should set child width class to the grid wrapper"},{"ancestorTitles":["OcGrid","child width","when child width is an array"],"failureMessages":[],"fullName":"OcGrid child width when child width is an array should every element in array as child width class","location":null,"status":"passed","title":"should every element in array as child width class"}],"endTime":1634626128430,"message":"","name":"/Users/stevefrenzel/Documents/GitHub/owncloud-design-system/src/components/atoms/OcGrid/OcGrid.spec.js","startTime":1634626128056,"status":"passed","summary":""},{"assertionResults":[{"ancestorTitles":["OcImage"],"failureMessages":[],"fullName":"OcImage should set the provided src","location":null,"status":"passed","title":"should set the provided src"},{"ancestorTitles":["OcImage"],"failureMessages":[],"fullName":"OcImage should set the provided title for image","location":null,"status":"passed","title":"should set the provided title for image"},{"ancestorTitles":["OcImage"],"failureMessages":[],"fullName":"OcImage should set the provided loading type for image","location":null,"status":"passed","title":"should set the provided loading type for image"},{"ancestorTitles":["OcImage"],"failureMessages":[],"fullName":"OcImage should set the provided loading type for image","location":null,"status":"passed","title":"should set the provided loading type for image"},{"ancestorTitles":["OcImage"],"failureMessages":[],"fullName":"OcImage should not accept value other than (lazy & eager) for prop loading type","location":null,"status":"passed","title":"should not accept value other than (lazy & eager) for prop loading type"},{"ancestorTitles":["OcImage","when alt is set"],"failureMessages":[],"fullName":"OcImage when alt is set should set the provided alt for image","location":null,"status":"passed","title":"should set the provided alt for image"},{"ancestorTitles":["OcImage","when alt is set"],"failureMessages":[],"fullName":"OcImage when alt is set should disable aria hidden property","location":null,"status":"passed","title":"should disable aria hidden property"},{"ancestorTitles":["OcImage","when alt is not set"],"failureMessages":[],"fullName":"OcImage when alt is not set should disable aria hidden property","location":null,"status":"passed","title":"should disable aria hidden property"}],"endTime":1634626128444,"message":"","name":"/Users/stevefrenzel/Documents/GitHub/owncloud-design-system/src/components/atoms/OcImage/OcImage.spec.js","startTime":1634626128061,"status":"passed","summary":""},{"assertionResults":[{"ancestorTitles":["OcNotifications","position prop"],"failureMessages":[],"fullName":"OcNotifications position prop should not allow values other than top-left, top-center, top-right","location":null,"status":"passed","title":"should not allow values other than top-left, top-center, top-right"},{"ancestorTitles":["OcNotifications","position prop"],"failureMessages":[],"fullName":"OcNotifications position prop it should set provided position as class for wrapper","location":null,"status":"passed","title":"it should set provided position as class for wrapper"},{"ancestorTitles":["OcNotifications","position prop"],"failureMessages":[],"fullName":"OcNotifications position prop it should set provided position as class for wrapper","location":null,"status":"passed","title":"it should set provided position as class for wrapper"},{"ancestorTitles":["OcNotifications","position prop"],"failureMessages":[],"fullName":"OcNotifications position prop it should set provided position as class for wrapper","location":null,"status":"passed","title":"it should set provided position as class for wrapper"},{"ancestorTitles":["OcNotifications"],"failureMessages":[],"fullName":"OcNotifications should render provided slot html","location":null,"status":"passed","title":"should render provided slot html"}],"endTime":1634626128543,"message":"","name":"/Users/stevefrenzel/Documents/GitHub/owncloud-design-system/src/components/atoms/OcNotifications/OcNotifications.spec.js","startTime":1634626128143,"status":"passed","summary":""},{"assertionResults":[{"ancestorTitles":["OcAvatars"],"failureMessages":[],"fullName":"OcAvatars displays tooltip","location":null,"status":"passed","title":"displays tooltip"},{"ancestorTitles":["OcAvatars"],"failureMessages":[],"fullName":"OcAvatars prefers avatars over links when maxDisplayed is exceeded","location":null,"status":"passed","title":"prefers avatars over links when maxDisplayed is exceeded"},{"ancestorTitles":["OcAvatars"],"failureMessages":[],"fullName":"OcAvatars shows avatars first and links last","location":null,"status":"passed","title":"shows avatars first and links last"}],"endTime":1634626128726,"message":"","name":"/Users/stevefrenzel/Documents/GitHub/owncloud-design-system/src/components/organisms/OcAvatars/OcAvatars.spec.js","startTime":1634626127543,"status":"passed","summary":""},{"assertionResults":[{"ancestorTitles":["OcAppSideBar","sidebar title"],"failureMessages":[],"fullName":"OcAppSideBar sidebar title should set the provided heading text from prop","location":null,"status":"passed","title":"should set the provided heading text from prop"},{"ancestorTitles":["OcAppSideBar","sidebar slots"],"failureMessages":[],"fullName":"OcAppSideBar sidebar slots should content html from content slot title","location":null,"status":"passed","title":"should content html from content slot title"},{"ancestorTitles":["OcAppSideBar","sidebar slots"],"failureMessages":[],"fullName":"OcAppSideBar sidebar slots should content html from content slot content","location":null,"status":"passed","title":"should content html from content slot content"},{"ancestorTitles":["OcAppSideBar","sidebar slots"],"failureMessages":[],"fullName":"OcAppSideBar sidebar slots should content html from content slot footer","location":null,"status":"passed","title":"should content html from content slot footer"},{"ancestorTitles":["OcAppSideBar","sidebar slots"],"failureMessages":[],"fullName":"OcAppSideBar sidebar slots should content html from content slot action","location":null,"status":"passed","title":"should content html from content slot action"},{"ancestorTitles":["OcAppSideBar","default action"],"failureMessages":[],"fullName":"OcAppSideBar default action should set the provided close button label","location":null,"status":"passed","title":"should set the provided close button label"},{"ancestorTitles":["OcAppSideBar","default action"],"failureMessages":[],"fullName":"OcAppSideBar default action should emit close when action button is clicked","location":null,"status":"passed","title":"should emit close when action button is clicked"}],"endTime":1634626128783,"message":"","name":"/Users/stevefrenzel/Documents/GitHub/owncloud-design-system/src/components/molecules/OcAppSideBar/OcAppSideBar.spec.js","startTime":1634626128037,"status":"passed","summary":""},{"assertionResults":[{"ancestorTitles":["OcResourceSize"],"failureMessages":[],"fullName":"OcResourceSize shows a question mark for non-numeric values","location":null,"status":"passed","title":"shows a question mark for non-numeric values"},{"ancestorTitles":["OcResourceSize"],"failureMessages":[],"fullName":"OcResourceSize shows '--' for values smaller than 0","location":null,"status":"passed","title":"shows '--' for values smaller than 0"},{"ancestorTitles":["OcResourceSize"],"failureMessages":[],"fullName":"OcResourceSize shows reasonable decimal places","location":null,"status":"passed","title":"shows reasonable decimal places"},{"ancestorTitles":["OcResourceSize"],"failureMessages":[],"fullName":"OcResourceSize converts strings to numbers","location":null,"status":"passed","title":"converts strings to numbers"},{"ancestorTitles":["OcResourceSize","language is not defined"],"failureMessages":[],"fullName":"OcResourceSize language is not defined returns size if language is undefined","location":null,"status":"passed","title":"returns size if language is undefined"},{"ancestorTitles":["OcResourceSize","language is not defined"],"failureMessages":[],"fullName":"OcResourceSize language is not defined returns size if current language is missing","location":null,"status":"passed","title":"returns size if current language is missing"}],"endTime":1634626128830,"message":"","name":"/Users/stevefrenzel/Documents/GitHub/owncloud-design-system/src/components/atoms/OcResourceSize/OcResourceSize.spec.js","startTime":1634626128288,"status":"passed","summary":""},{"assertionResults":[{"ancestorTitles":["OcDrop"],"failureMessages":[],"fullName":"OcDrop handles dropId prop","location":null,"status":"passed","title":"handles dropId prop"},{"ancestorTitles":["OcDrop"],"failureMessages":[],"fullName":"OcDrop handles position prop","location":null,"status":"passed","title":"handles position prop"},{"ancestorTitles":["OcDrop"],"failureMessages":[],"fullName":"OcDrop handles mode prop","location":null,"status":"passed","title":"handles mode prop"},{"ancestorTitles":["OcDrop"],"failureMessages":[],"fullName":"OcDrop inits tippy","location":null,"status":"passed","title":"inits tippy"},{"ancestorTitles":["OcDrop"],"failureMessages":[],"fullName":"OcDrop updates tippy","location":null,"status":"passed","title":"updates tippy"},{"ancestorTitles":["OcDrop"],"failureMessages":[],"fullName":"OcDrop renders tippy","location":null,"status":"passed","title":"renders tippy"}],"endTime":1634626128836,"message":"","name":"/Users/stevefrenzel/Documents/GitHub/owncloud-design-system/src/components/atoms/OcDrop/OcDrop.spec.js","startTime":1634626126858,"status":"passed","summary":""},{"assertionResults":[{"ancestorTitles":["OcAvatarItem","when prop 'name' is provided"],"failureMessages":[],"fullName":"OcAvatarItem when prop 'name' is provided should set data test user attribute on wrapper","location":null,"status":"passed","title":"should set data test user attribute on wrapper"},{"ancestorTitles":["OcAvatarItem","accessibleLabel"],"failureMessages":[],"fullName":"OcAvatarItem accessibleLabel should not be set when value is empty string","location":null,"status":"passed","title":"should not be set when value is empty string"},{"ancestorTitles":["OcAvatarItem","accessibleLabel"],"failureMessages":[],"fullName":"OcAvatarItem accessibleLabel should be set when value is not empty string","location":null,"status":"passed","title":"should be set when value is not empty string"}],"endTime":1634626128832,"message":"","name":"/Users/stevefrenzel/Documents/GitHub/owncloud-design-system/src/components/atoms/OcAvatarItem/OcAvatarItem.spec.js","startTime":1634626128503,"status":"passed","summary":""},{"assertionResults":[{"ancestorTitles":["OcResource"],"failureMessages":[],"fullName":"OcResource doesn't emit a click if the resource is a folder","location":null,"status":"passed","title":"doesn't emit a click if the resource is a folder"},{"ancestorTitles":["OcResource"],"failureMessages":[],"fullName":"OcResource doesn't emit a click if the resource is not clickable","location":null,"status":"passed","title":"doesn't emit a click if the resource is not clickable"},{"ancestorTitles":["OcResource"],"failureMessages":[],"fullName":"OcResource emits a click","location":null,"status":"passed","title":"emits a click"}],"endTime":1634626128936,"message":"","name":"/Users/stevefrenzel/Documents/GitHub/owncloud-design-system/src/components/organisms/OcResource/OcResource.spec.js","startTime":1634626128557,"status":"passed","summary":""},{"assertionResults":[{"ancestorTitles":["OcTable"],"failureMessages":[],"fullName":"OcTable displays all field types","location":null,"status":"passed","title":"displays all field types"},{"ancestorTitles":["OcTable"],"failureMessages":[],"fullName":"OcTable hides header","location":null,"status":"passed","title":"hides header"},{"ancestorTitles":["OcTable"],"failureMessages":[],"fullName":"OcTable enables hover effect","location":null,"status":"passed","title":"enables hover effect"},{"ancestorTitles":["OcTable"],"failureMessages":[],"fullName":"OcTable extracts field title","location":null,"status":"passed","title":"extracts field title"},{"ancestorTitles":["OcTable"],"failureMessages":[],"fullName":"OcTable extracts cell props","location":null,"status":"passed","title":"extracts cell props"},{"ancestorTitles":["OcTable"],"failureMessages":[],"fullName":"OcTable adds sticky header","location":null,"status":"passed","title":"adds sticky header"},{"ancestorTitles":["OcTable"],"failureMessages":[],"fullName":"OcTable highlights a row","location":null,"status":"passed","title":"highlights a row"},{"ancestorTitles":["OcTable"],"failureMessages":[],"fullName":"OcTable highlights multiple rows","location":null,"status":"passed","title":"highlights multiple rows"},{"ancestorTitles":["OcTable"],"failureMessages":[],"fullName":"OcTable adds data-file-id for rows","location":null,"status":"passed","title":"adds data-file-id for rows"},{"ancestorTitles":["OcTable"],"failureMessages":[],"fullName":"OcTable enable dragDrop should enable draggable on rows","location":null,"status":"passed","title":"enable dragDrop should enable draggable on rows"}],"endTime":1634626129063,"message":"","name":"/Users/stevefrenzel/Documents/GitHub/owncloud-design-system/src/components/molecules/OcTable/OcTable.spec.js","startTime":1634626123138,"status":"passed","summary":""},{"assertionResults":[{"ancestorTitles":["OcLogo"],"failureMessages":[],"fullName":"OcLogo should set the provided src to image element","location":null,"status":"passed","title":"should set the provided src to image element"},{"ancestorTitles":["OcLogo"],"failureMessages":[],"fullName":"OcLogo should set the provided alt to image element","location":null,"status":"passed","title":"should set the provided alt to image element"},{"ancestorTitles":["OcLogo"],"failureMessages":[],"fullName":"OcLogo should add provided class to the image element","location":null,"status":"passed","title":"should add provided class to the image element"}],"endTime":1634626129271,"message":"","name":"/Users/stevefrenzel/Documents/GitHub/owncloud-design-system/src/components/molecules/OcLogo/OcLogo.spec.js","startTime":1634626128854,"status":"passed","summary":""},{"assertionResults":[{"ancestorTitles":["OcSidebarNav"],"failureMessages":[],"fullName":"OcSidebarNav displays all slots","location":null,"status":"passed","title":"displays all slots"},{"ancestorTitles":["OcSidebarNav"],"failureMessages":[],"fullName":"OcSidebarNav sets all accessible labels","location":null,"status":"passed","title":"sets all accessible labels"}],"endTime":1634626129292,"message":"","name":"/Users/stevefrenzel/Documents/GitHub/owncloud-design-system/src/components/atoms/OcSidebarNav/OcSidebarNav.spec.js","startTime":1634626128865,"status":"passed","summary":""},{"assertionResults":[{"ancestorTitles":["OcAlert"],"failureMessages":[],"fullName":"OcAlert displays correct message","location":null,"status":"passed","title":"displays correct message"},{"ancestorTitles":["OcAlert"],"failureMessages":[],"fullName":"OcAlert hides the close button if disabled","location":null,"status":"passed","title":"hides the close button if disabled"},{"ancestorTitles":["OcAlert"],"failureMessages":[],"fullName":"OcAlert sets correct variation","location":null,"status":"passed","title":"sets correct variation"},{"ancestorTitles":["OcAlert"],"failureMessages":[],"fullName":"OcAlert emits a close event","location":null,"status":"passed","title":"emits a close event"}],"endTime":1634626129357,"message":"","name":"/Users/stevefrenzel/Documents/GitHub/owncloud-design-system/src/components/molecules/OcAlert/OcAlert.spec.js","startTime":1634626128800,"status":"passed","summary":""},{"assertionResults":[{"ancestorTitles":["OcModal"],"failureMessages":[],"fullName":"OcModal displays correct variation","location":null,"status":"passed","title":"displays correct variation"},{"ancestorTitles":["OcModal"],"failureMessages":[],"fullName":"OcModal hides icon if not specified","location":null,"status":"passed","title":"hides icon if not specified"},{"ancestorTitles":["OcModal"],"failureMessages":[],"fullName":"OcModal overrides props message with slot","location":null,"status":"passed","title":"overrides props message with slot"},{"ancestorTitles":["OcModal"],"failureMessages":[],"fullName":"OcModal matches snapshot","location":null,"status":"passed","title":"matches snapshot"},{"ancestorTitles":["OcModal"],"failureMessages":[],"fullName":"OcModal displays input","location":null,"status":"passed","title":"displays input"}],"endTime":1634626129376,"message":"","name":"/Users/stevefrenzel/Documents/GitHub/owncloud-design-system/src/components/organisms/OcModal/OcModal.spec.js","startTime":1634626128497,"status":"passed","summary":""},{"assertionResults
[...]
ine":512,"column":0},"end":{"line":512,"column":null}},"73":{"start":{"line":515,"column":0},"end":{"line":515,"column":null}},"74":{"start":{"line":519,"column":0},"end":{"line":519,"column":null}},"75":{"start":{"line":522,"column":0},"end":{"line":522,"column":null}},"76":{"start":{"line":523,"column":0},"end":{"line":523,"column":null}},"77":{"start":{"line":525,"column":0},"end":{"line":525,"column":null}},"78":{"start":{"line":533,"column":0},"end":{"line":533,"column":null}},"79":{"start":{"line":542,"column":0},"end":{"line":542,"column":null}},"80":{"start":{"line":544,"column":0},"end":{"line":544,"column":null}},"81":{"start":{"line":550,"column":0},"end":{"line":550,"column":null}},"82":{"start":{"line":554,"column":0},"end":{"line":554,"column":null}},"83":{"start":{"line":555,"column":0},"end":{"line":555,"column":null}},"84":{"start":{"line":557,"column":0},"end":{"line":557,"column":null}},"85":{"start":{"line":562,"column":0},"end":{"line":562,"column":null}}},"fnMap":{"0":{"name":"_default","decl":{"start":{"line":186,"column":0},"end":{"line":186,"column":null}},"loc":{"start":{"line":186,"column":0},"end":{"line":186,"column":null}}},"1":{"name":"validator","decl":{"start":{"line":244,"column":0},"end":{"line":244,"column":null}},"loc":{"start":{"line":244,"column":0},"end":{"line":244,"column":null}}},"2":{"name":"data","decl":{"start":{"line":263,"column":0},"end":{"line":263,"column":null}},"loc":{"start":{"line":263,"column":0},"end":{"line":269,"column":null}}},"3":{"name":"popperOptions","decl":{"start":{"line":271,"column":0},"end":{"line":271,"column":null}},"loc":{"start":{"line":271,"column":0},"end":{"line":289,"column":null}}},"4":{"name":"fn","decl":{"start":{"line":280,"column":0},"end":{"line":280,"column":null}},"loc":{"start":{"line":280,"column":0},"end":{"line":285,"column":null}}},"5":{"name":"fields","decl":{"start":{"line":290,"column":0},"end":{"line":290,"column":null}},"loc":{"start":{"line":290,"column":0},"end":{"line":391,"column":null}}},"6":{"name":"callback","decl":{"start":{"line":356,"column":0},"end":{"line":356,"column":null}},"loc":{"start":{"line":356,"column":0},"end":{"line":356,"column":null}}},"7":{"name":"sortable","decl":{"start":{"line":357,"column":0},"end":{"line":357,"column":null}},"loc":{"start":{"line":357,"column":0},"end":{"line":357,"column":null}}},"8":{"name":"callback","decl":{"start":{"line":365,"column":0},"end":{"line":365,"column":null}},"loc":{"start":{"line":365,"column":0},"end":{"line":365,"column":null}}},"9":{"name":"sortable","decl":{"start":{"line":366,"column":0},"end":{"line":366,"column":null}},"loc":{"start":{"line":366,"column":0},"end":{"line":366,"column":null}}},"10":{"name":"callback","decl":{"start":{"line":374,"column":0},"end":{"line":374,"column":null}},"loc":{"start":{"line":374,"column":0},"end":{"line":374,"column":null}}},"11":{"name":"sortable","decl":{"start":{"line":375,"column":0},"end":{"line":375,"column":null}},"loc":{"start":{"line":375,"column":0},"end":{"line":375,"column":null}}},"12":{"name":"(anonymous_13)","decl":{"start":{"line":368,"column":0},"end":{"line":368,"column":null}},"loc":{"start":{"line":368,"column":0},"end":{"line":377,"column":null}}},"13":{"name":"areAllResourcesSelected","decl":{"start":{"line":393,"column":0},"end":{"line":393,"column":null}},"loc":{"start":{"line":393,"column":0},"end":{"line":395,"column":null}}},"14":{"name":"selectedIds","decl":{"start":{"line":397,"column":0},"end":{"line":397,"column":null}},"loc":{"start":{"line":397,"column":0},"end":{"line":399,"column":null}}},"15":{"name":"(anonymous_16)","decl":{"start":{"line":398,"column":0},"end":{"line":398,"column":null}},"loc":{"start":{"line":398,"column":0},"end":{"line":398,"column":null}}},"16":{"name":"allResourcesCheckboxLabel","decl":{"start":{"line":401,"column":0},"end":{"line":401,"column":null}},"loc":{"start":{"line":401,"column":0},"end":{"line":403,"column":null}}},"17":{"name":"contextMenuLabel","decl":{"start":{"line":405,"column":0},"end":{"line":405,"column":null}},"loc":{"start":{"line":405,"column":0},"end":{"line":407,"column":null}}},"18":{"name":"fileDragged","decl":{"start":{"line":410,"column":0},"end":{"line":410,"column":null}},"loc":{"start":{"line":410,"column":0},"end":{"line":412,"column":null}}},"19":{"name":"fileDropped","decl":{"start":{"line":413,"column":0},"end":{"line":413,"column":null}},"loc":{"start":{"line":413,"column":0},"end":{"line":415,"column":null}}},"20":{"name":"addSelectedResource","decl":{"start":{"line":416,"column":0},"end":{"line":416,"column":null}},"loc":{"start":{"line":416,"column":0},"end":{"line":423,"column":null}}},"21":{"name":"(anonymous_22)","decl":{"start":{"line":417,"column":0},"end":{"line":417,"column":null}},"loc":{"start":{"line":417,"column":0},"end":{"line":417,"column":null}}},"22":{"name":"resetDropPosition","decl":{"start":{"line":424,"column":0},"end":{"line":424,"column":null}},"loc":{"start":{"line":424,"column":0},"end":{"line":429,"column":null}}},"23":{"name":"showContextMenu","decl":{"start":{"line":431,"column":0},"end":{"line":431,"column":null}},"loc":{"start":{"line":431,"column":0},"end":{"line":438,"column":null}}},"24":{"name":"displayPositionedDropdown","decl":{"start":{"line":440,"column":0},"end":{"line":440,"column":null}},"loc":{"start":{"line":440,"column":0},"end":{"line":452,"column":null}}},"25":{"name":"getReferenceClientRect","decl":{"start":{"line":442,"column":0},"end":{"line":442,"column":null}},"loc":{"start":{"line":442,"column":0},"end":{"line":442,"column":null}}},"26":{"name":"rowMounted","decl":{"start":{"line":454,"column":0},"end":{"line":454,"column":null}},"loc":{"start":{"line":454,"column":0},"end":{"line":461,"column":null}}},"27":{"name":"fileClicked","decl":{"start":{"line":462,"column":0},"end":{"line":462,"column":null}},"loc":{"start":{"line":462,"column":0},"end":{"line":468,"column":null}}},"28":{"name":"formatDate","decl":{"start":{"line":469,"column":0},"end":{"line":469,"column":null}},"loc":{"start":{"line":469,"column":0},"end":{"line":471,"column":null}}},"29":{"name":"unixDate","decl":{"start":{"line":472,"column":0},"end":{"line":472,"column":null}},"loc":{"start":{"line":472,"column":0},"end":{"line":474,"column":null}}},"30":{"name":"emitSelect","decl":{"start":{"line":476,"column":0},"end":{"line":476,"column":null}},"loc":{"start":{"line":476,"column":0},"end":{"line":482,"column":null}}},"31":{"name":"toggleSelectionAll","decl":{"start":{"line":484,"column":0},"end":{"line":484,"column":null}},"loc":{"start":{"line":484,"column":0},"end":{"line":490,"column":null}}},"32":{"name":"emitFileClick","decl":{"start":{"line":492,"column":0},"end":{"line":492,"column":null}},"loc":{"start":{"line":492,"column":0},"end":{"line":498,"column":null}}},"33":{"name":"isResourceClickable","decl":{"start":{"line":500,"column":0},"end":{"line":500,"column":null}},"loc":{"start":{"line":500,"column":0},"end":{"line":508,"column":null}}},"34":{"name":"getResourceCheckboxLabel","decl":{"start":{"line":510,"column":0},"end":{"line":510,"column":null}},"loc":{"start":{"line":510,"column":0},"end":{"line":516,"column":null}}},"35":{"name":"getSharedWithAvatarDescription","decl":{"start":{"line":518,"column":0},"end":{"line":518,"column":null}},"loc":{"start":{"line":518,"column":0},"end":{"line":551,"column":null}}},"36":{"name":"(anonymous_37)","decl":{"start":{"line":522,"column":0},"end":{"line":522,"column":null}},"loc":{"start":{"line":522,"column":0},"end":{"line":522,"column":null}}},"37":{"name":"(anonymous_38)","decl":{"start":{"line":523,"column":0},"end":{"line":523,"column":null}},"loc":{"start":{"line":523,"column":0},"end":{"line":523,"column":null}}},"38":{"name":"getOwnerAvatarDescription","decl":{"start":{"line":553,"column":0},"end":{"line":553,"column":null}},"loc":{"start":{"line":553,"column":0},"end":{"line":563,"column":null}}}},"branchMap":{"0":{"loc":{"start":{"line":291,"column":0},"end":{"line":293,"column":null}},"type":"if","locations":[{"start":{"line":291,"column":0},"end":{"line":293,"column":null}},{"start":{"line":291,"column":0},"end":{"line":293,"column":null}}]},"1":{"loc":{"start":{"line":298,"column":0},"end":{"line":306,"column":null}},"type":"if","locations":[{"start":{"line":298,"column":0},"end":{"line":306,"column":null}},{"start":{"line":298,"column":0},"end":{"line":306,"column":null}}]},"2":{"loc":{"start":{"line":380,"column":0},"end":{"line":388,"column":null}},"type":"if","locations":[{"start":{"line":380,"column":0},"end":{"line":388,"column":null}},{"start":{"line":380,"column":0},"end":{"line":388,"column":null}}]},"3":{"loc":{"start":{"line":418,"column":0},"end":{"line":422,"column":null}},"type":"if","locations":[{"start":{"line":418,"column":0},"end":{"line":422,"column":null}},{"start":{"line":418,"column":0},"end":{"line":422,"column":null}}]},"4":{"loc":{"start":{"line":426,"column":0},"end":{"line":426,"column":null}},"type":"if","locations":[{"start":{"line":426,"column":0},"end":{"line":426,"column":null}},{"start":{"line":426,"column":0},"end":{"line":426,"column":null}}]},"5":{"loc":{"start":{"line":435,"column":0},"end":{"line":435,"column":null}},"type":"if","locations":[{"start":{"line":435,"column":0},"end":{"line":435,"column":null}},{"start":{"line":435,"column":0},"end":{"line":435,"column":null}}]},"6":{"loc":{"start":{"line":485,"column":0},"end":{"line":487,"column":null}},"type":"if","locations":[{"start":{"line":485,"column":0},"end":{"line":487,"column":null}},{"start":{"line":485,"column":0},"end":{"line":487,"column":null}}]},"7":{"loc":{"start":{"line":501,"column":0},"end":{"line":503,"column":null}},"type":"if","locations":[{"start":{"line":501,"column":0},"end":{"line":503,"column":null}},{"start":{"line":501,"column":0},"end":{"line":503,"column":null}}]},"8":{"loc":{"start":{"line":505,"column":0},"end":{"line":505,"column":null}},"type":"cond-expr","locations":[{"start":{"line":505,"column":0},"end":{"line":505,"column":null}},{"start":{"line":505,"column":0},"end":{"line":505,"column":null}}]},"9":{"loc":{"start":{"line":511,"column":0},"end":{"line":513,"column":null}},"type":"if","locations":[{"start":{"line":511,"column":0},"end":{"line":513,"column":null}},{"start":{"line":511,"column":0},"end":{"line":513,"column":null}}]},"10":{"loc":{"start":{"line":519,"column":0},"end":{"line":519,"column":null}},"type":"cond-expr","locations":[{"start":{"line":519,"column":0},"end":{"line":519,"column":null}},{"start":{"line":519,"column":0},"end":{"line":519,"column":null}}]},"11":{"loc":{"start":{"line":525,"column":0},"end":{"line":525,"column":null}},"type":"cond-expr","locations":[{"start":{"line":525,"column":0},"end":{"line":525,"column":null}},{"start":{"line":525,"column":0},"end":{"line":525,"column":null}}]},"12":{"loc":{"start":{"line":533,"column":0},"end":{"line":533,"column":null}},"type":"cond-expr","locations":[{"start":{"line":533,"column":0},"end":{"line":533,"column":null}},{"start":{"line":533,"column":0},"end":{"line":533,"column":null}}]},"13":{"loc":{"start":{"line":555,"column":0},"end":{"line":555,"column":null}},"type":"cond-expr","locations":[{"start":{"line":555,"column":0},"end":{"line":555,"column":null}},{"start":{"line":555,"column":0},"end":{"line":555,"column":null}}]}},"s":{"0":3,"1":3,"2":3,"3":3,"4":3,"5":3,"6":3,"7":3,"8":3,"9":3,"10":3,"11":7,"12":11,"13":11,"14":11,"15":0,"16":0,"17":0,"18":0,"19":11,"20":11,"21":0,"22":11,"23":11,"24":11,"25":11,"26":11,"27":168,"28":22,"29":32,"30":0,"31":32,"32":0,"33":88,"34":11,"35":11,"36":11,"37":11,"38":15,"39":11,"40":11,"41":0,"42":0,"43":0,"44":0,"45":0,"46":0,"47":1,"48":1,"49":1,"50":1,"51":0,"52":0,"53":0,"54":0,"55":0,"56":0,"57":0,"58":0,"59":44,"60":0,"61":232,"62":22,"63":4,"64":2,"65":1,"66":1,"67":1,"68":84,"69":0,"70":84,"71":84,"72":42,"73":42,"74":84,"75":285,"76":285,"77":84,"78":84,"79":84,"80":84,"81":84,"82":84,"83":84,"84":84,"85":84},"f":{"0":7,"1":11,"2":11,"3":11,"4":0,"5":11,"6":168,"7":22,"8":32,"9":0,"10":32,"11":0,"12":88,"13":11,"14":11,"15":4,"16":11,"17":11,"18":0,"19":0,"20":0,"21":0,"22":1,"23":0,"24":0,"25":0,"26":44,"27":0,"28":232,"29":22,"30":4,"31":2,"32":1,"33":84,"34":84,"35":84,"36":201,"37":201,"38":84},"b":{"0":[0,11],"1":[11,0],"2":[11,0],"3":[0,0],"4":[0,1],"5":[0,0],"6":[1,1],"7":[0,84],"8":[0,84],"9":[42,42],"10":[42,42],"11":[84,0],"12":[0,84],"13":[42,42]}},"/Users/stevefrenzel/Documents/GitHub/owncloud-design-system/src/utils/webFontLoader.js":{"path":"/Users/stevefrenzel/Documents/GitHub/owncloud-design-system/src/utils/webFontLoader.js","statementMap":{"0":{"start":{"line":7,"column":0},"end":{"line":11,"column":2}}},"fnMap":{},"branchMap":{},"s":{"0":0},"f":{},"b":{}},"/Users/stevefrenzel/Documents/GitHub/owncloud-design-system/docs/utils/orderBy.js":{"path":"/Users/stevefrenzel/Documents/GitHub/owncloud-design-system/docs/utils/orderBy.js","statementMap":{"0":{"start":{"line":2,"column":15},"end":{"line":4,"column":1}},"1":{"start":{"line":3,"column":2},"end":{"line":3,"column":67}},"2":{"start":{"line":3,"column":20},"end":{"line":3,"column":66}},"3":{"start":{"line":7,"column":2},"end":{"line":9,"column":3}},"4":{"start":{"line":8,"column":4},"end":{"line":8,"column":13}},"5":{"start":{"line":10,"column":2},"end":{"line":10,"column":40}},"6":{"start":{"line":11,"column":2},"end":{"line":11,"column":51}},"7":{"start":{"line":14,"column":0},"end":{"line":14,"column":24}}},"fnMap":{"0":{"name":"(anonymous_0)","decl":{"start":{"line":2,"column":15},"end":{"line":2,"column":16}},"loc":{"start":{"line":2,"column":22},"end":{"line":4,"column":1}},"line":2},"1":{"name":"(anonymous_1)","decl":{"start":{"line":3,"column":9},"end":{"line":3,"column":10}},"loc":{"start":{"line":3,"column":20},"end":{"line":3,"column":66}},"line":3},"2":{"name":"orderBy","decl":{"start":{"line":6,"column":9},"end":{"line":6,"column":16}},"loc":{"start":{"line":6,"column":39},"end":{"line":12,"column":1}},"line":6}},"branchMap":{"0":{"loc":{"start":{"line":3,"column":20},"end":{"line":3,"column":66}},"type":"cond-expr","locations":[{"start":{"line":3,"column":38},"end":{"line":3,"column":39}},{"start":{"line":3,"column":42},"end":{"line":3,"column":66}}],"line":3},"1":{"loc":{"start":{"line":3,"column":42},"end":{"line":3,"column":66}},"type":"cond-expr","locations":[{"start":{"line":3,"column":60},"end":{"line":3,"column":62}},{"start":{"line":3,"column":65},"end":{"line":3,"column":66}}],"line":3},"2":{"loc":{"start":{"line":7,"column":2},"end":{"line":9,"column":3}},"type":"if","locations":[{"start":{"line":7,"column":2},"end":{"line":9,"column":3}},{"start":{"line":7,"column":2},"end":{"line":9,"column":3}}],"line":7}},"s":{"0":0,"1":0,"2":0,"3":0,"4":0,"5":0,"6":0,"7":0},"f":{"0":0,"1":0,"2":0},"b":{"0":[0,0],"1":[0,0],"2":[0,0]}},"/Users/stevefrenzel/Documents/GitHub/owncloud-design-system/docs/utils/statusLabels.js":{"path":"/Users/stevefrenzel/Documents/GitHub/owncloud-design-system/docs/utils/statusLabels.js","statementMap":{"0":{"start":{"line":8,"column":15},"end":{"line":8,"column":48}},"1":{"start":{"line":9,"column":18},"end":{"line":9,"column":38}},"2":{"start":{"line":11,"column":4},"end":{"line":41,"column":5}},"3":{"start":{"line":12,"column":24},"end":{"line":12,"column":51}},"4":{"start":{"line":13,"column":20},"end":{"line":13,"column":51}},"5":{"start":{"line":15,"column":6},"end":{"line":40,"column":7}},"6":{"start":{"line":16,"column":30},"end":{"line":16,"column":72}},"7":{"start":{"line":17,"column":8},"end":{"line":17,"column":43}},"8":{"start":{"line":18,"column":8},"end":{"line":21,"column":9}},"9":{"start":{"line":22,"column":8},"end":{"line":22,"column":34}},"10":{"start":{"line":24,"column":8},"end":{"line":31,"column":9}},"11":{"start":{"line":25,"column":10},"end":{"line":25,"column":47}},"12":{"start":{"line":26,"column":10},"end":{"line":30,"column":11}},"13":{"start":{"line":27,"column":12},"end":{"line":27,"column":44}},"14":{"start":{"line":29,"column":12},"end":{"line":29,"column":35}},"15":{"start":{"line":33,"column":8},"end":{"line":37,"column":9}},"16":{"start":{"line":34,"column":11},"end":{"line":36,"column":12}},"17":{"start":{"line":35,"column":12},"end":{"line":35,"column":51}},"18":{"start":{"line":39,"column":8},"end":{"line":39,"column":36}}},"fnMap":{"0":{"name":"(anonymous_0)","decl":{"start":{"line":7,"column":2},"end":{"line":7,"column":3}},"loc":{"start":{"line":7,"column":12},"end":{"line":42,"column":3}},"line":7},"1":{"name":"(anonymous_1)","decl":{"start":{"line":34,"column":42},"end":{"line":34,"column":43}},"loc":{"start":{"line":34,"column":61},"end":{"line":36,"column":11}},"line":34}},"branchMap":{"0":{"loc":{"start":{"line":11,"column":4},"end":{"line":41,"column":5}},"type":"if","locations":[{"start":{"line":11,"column":4},"end":{"line":41,"column":5}},{"start":{"line":11,"column":4},"end":{"line":41,"column":5}}],"line":11},"1":{"loc":{"start":{"line":15,"column":6},"end":{"line":40,"column":7}},"type":"if","locations":[{"start":{"line":15,"column":6},"end":{"line":40,"column":7}},{"start":{"line":15,"column":6},"end":{"line":40,"column":7}}],"line":15},"2":{"loc":{"start":{"line":24,"column":8},"end":{"line":31,"column":9}},"type":"if","locations":[{"start":{"line":24,"column":8},"end":{"line":31,"column":9}},{"start":{"line":24,"column":8},"end":{"line":31,"column":9}}],"line":24},"3":{"loc":{"start":{"line":26,"column":10},"end":{"line":30,"column":11}},"type":"if","locations":[{"start":{"line":26,"column":10},"end":{"line":30,"column":11}},{"start":{"line":26,"column":10},"end":{"line":30,"column":11}}],"line":26},"4":{"loc":{"start":{"line":33,"column":8},"end":{"line":37,"column":9}},"type":"if","locations":[{"start":{"line":33,"column":8},"end":{"line":37,"column":9}},{"start":{"line":33,"column":8},"end":{"line":37,"column":9}}],"line":33}},"s":{"0":0,"1":0,"2":0,"3":0,"4":0,"5":0,"6":0,"7":0,"8":0,"9":0,"10":0,"11":0,"12":0,"13":0,"14":0,"15":0,"16":0,"17":0,"18":0},"f":{"0":0,"1":0},"b":{"0":[0,0],"1":[0,0],"2":[0,0],"3":[0,0],"4":[0,0]}},"/Users/stevefrenzel/Documents/GitHub/owncloud-design-system/src/components/atoms/OcButton/OcButton.stories.js":{"path":"/Users/stevefrenzel/Documents/GitHub/owncloud-design-system/src/components/atoms/OcButton/OcButton.stories.js","statementMap":{"0":{"start":{"line":65,"column":17},"end":{"line":76,"column":2}},"1":{"start":{"line":65,"column":42},"end":{"line":76,"column":1}},"2":{"start":{"line":69,"column":4},"end":{"line":71,"column":5}},"3":{"start":{"line":78,"column":23},"end":{"line":78,"column":40}},"4":{"start":{"line":79,"column":0},"end":{"line":81,"column":1}}},"fnMap":{"0":{"name":"(anonymous_0)","decl":{"start":{"line":65,"column":17},"end":{"line":65,"column":18}},"loc":{"start":{"line":65,"column":42},"end":{"line":76,"column":1}},"line":65},"1":{"name":"(anonymous_1)","decl":{"start":{"line":68,"column":2},"end":{"line":68,"column":3}},"loc":{"start":{"line":68,"column":9},"end":{"line":72,"column":3}},"line":68}},"branchMap":{},"s":{"0":0,"1":0,"2":0,"3":0,"4":0},"f":{"0":0,"1":0},"b":{}},"/Users/stevefrenzel/Documents/GitHub/owncloud-design-system/docs/components/tokens/Icon.vue":{"path":"/Users/stevefrenzel/Documents/GitHub/owncloud-design-system/docs/components/tokens/Icon.vue","statementMap":{"0":{"start":{"line":21,"column":0},"end":{"line":21,"column":null}},"1":{"start":{"line":22,"column":0},"end":{"line":22,"column":null}},"2":{"start":{"line":31,"column":0},"end":{"line":31,"column":null}},"3":{"start":{"line":33,"column":0},"end":{"line":33,"column":null}}},"fnMap":{"0":{"name":"data","decl":{"start":{"line":30,"column":0},"end":{"line":30,"column":null}},"loc":{"start":{"line":30,"column":0},"end":{"line":36,"column":null}}},"1":{"name":"(anonymous_2)","decl":{"start":{"line":32,"column":0},"end":{"line":32,"column":null}},"loc":{"start":{"line":32,"column":0},"end":{"line":34,"column":null}}}},"branchMap":{},"s":{"0":0,"1":0,"2":0,"3":0},"f":{"0":0,"1":0},"b":{}}}}